<?xml version="1.0" encoding="UTF-8"?>
<!-- Generated by org.testng.reporters.JUnitReportReporter -->
<testsuite hostname="del1-lhp-n82782" failures="0" tests="2" name="Day17TestNG.Annotations_Demo2" time="0.006" errors="0" timestamp="2023-04-24T00:17:43 IST" skipped="0">
  <testcase classname="Day17TestNG.Annotations_Demo2" name="search" time="0.005"/>
  <system-out/>
  <testcase classname="Day17TestNG.Annotations_Demo2" name="advancedSearch" time="0.001"/>
  <system-out/>
</testsuite> <!-- Day17TestNG.Annotations_Demo2 -->
