<?xml version="1.0" encoding="UTF-8"?>
<!-- Generated by org.testng.reporters.JUnitReportReporter -->
<testsuite hostname="del1-lhp-n82782" failures="0" tests="4" name="Day17TestNG.ParallelTesting" time="8.083" errors="0" timestamp="2023-04-25T01:52:05 IST" skipped="0">
  <testcase classname="Day17TestNG.ParallelTesting" name="testlogo" time="4.043"/>
  <system-out/>
  <testcase classname="Day17TestNG.ParallelTesting" name="testlogo" time="4.030"/>
  <system-out/>
  <testcase classname="Day17TestNG.ParallelTesting" name="testHomePagetitle" time="0.005"/>
  <system-out/>
  <testcase classname="Day17TestNG.ParallelTesting" name="testHomePagetitle" time="0.005"/>
  <system-out/>
</testsuite> <!-- Day17TestNG.ParallelTesting -->
