<?xml version="1.0" encoding="UTF-8"?>
<!-- Generated by org.testng.reporters.JUnitReportReporter -->
<testsuite hostname="del1-lhp-n82782" failures="0" tests="3" name="Day17TestNG.Grouping" time="0.009" errors="0" timestamp="2023-04-23T22:40:46 IST" skipped="0">
  <testcase classname="Day17TestNG.Grouping" name="loginByfacebook" time="0.007"/>
  <system-out/>
  <testcase classname="Day17TestNG.Grouping" name="loginBytwitter" time="0.001"/>
  <system-out/>
  <testcase classname="Day17TestNG.Grouping" name="paymentindollar" time="0.001"/>
  <system-out/>
</testsuite> <!-- Day17TestNG.Grouping -->
