<?xml version="1.0" encoding="UTF-8"?>
<!-- Generated by org.testng.reporters.JUnitReportReporter -->
<testsuite hostname="del1-lhp-n82782" failures="0" tests="3" name="Day17.SecondTest" time="8.494" errors="0" timestamp="2023-04-22T18:37:08 IST" skipped="0">
  <testcase classname="Day17.SecondTest" name="openApp" time="6.355"/>
  <system-out/>
  <testcase classname="Day17.SecondTest" name="Login" time="1.937"/>
  <system-out/>
  <testcase classname="Day17.SecondTest" name="close" time="0.202"/>
  <system-out/>
</testsuite> <!-- Day17.SecondTest -->
