<?xml version="1.0" encoding="UTF-8"?>
<!-- Generated by org.testng.reporters.JUnitReportReporter -->
<testsuite hostname="del1-lhp-n82782" failures="0" tests="2" name="Day17TestNG.Annotations_Demo1" time="0.011" errors="0" timestamp="2023-04-23T00:44:45 IST" skipped="0">
  <testcase classname="Day17TestNG.Annotations_Demo1" name="search" time="0.009"/>
  <system-out/>
  <testcase classname="Day17TestNG.Annotations_Demo1" name="advancedSearch" time="0.002"/>
  <system-out/>
</testsuite> <!-- Day17TestNG.Annotations_Demo1 -->
