<?xml version="1.0" encoding="UTF-8"?>
<!-- Generated by org.testng.reporters.JUnitReportReporter -->
<testsuite hostname="del1-lhp-n82782" failures="0" tests="3" name="Day17TestNG.ExtentReport" time="6.520" errors="0" timestamp="2023-05-02T00:58:27 IST" skipped="0">
  <testcase classname="Day17TestNG.ExtentReport" name="testLogo" time="2.533"/>
  <system-out/>
  <testcase classname="Day17TestNG.ExtentReport" name="login" time="1.502"/>
  <system-out/>
  <testcase classname="Day17TestNG.ExtentReport" name="Logout" time="2.485"/>
  <system-out/>
</testsuite> <!-- Day17TestNG.ExtentReport -->
