<?xml version="1.0" encoding="UTF-8"?>
<!-- Generated by org.testng.reporters.JUnitReportReporter -->
<testsuite hostname="del1-lhp-n82782" failures="0" tests="10" name="Day17TestNG.InvocationCountDemo" time="0.017" errors="0" timestamp="2023-04-24T22:56:38 IST" skipped="0">
  <testcase classname="Day17TestNG.InvocationCountDemo" name="test" time="0.000"/>
  <system-out/>
  <testcase classname="Day17TestNG.InvocationCountDemo" name="test" time="0.001"/>
  <system-out/>
  <testcase classname="Day17TestNG.InvocationCountDemo" name="test" time="0.001"/>
  <system-out/>
  <testcase classname="Day17TestNG.InvocationCountDemo" name="test" time="0.001"/>
  <system-out/>
  <testcase classname="Day17TestNG.InvocationCountDemo" name="test" time="0.001"/>
  <system-out/>
  <testcase classname="Day17TestNG.InvocationCountDemo" name="test" time="0.001"/>
  <system-out/>
  <testcase classname="Day17TestNG.InvocationCountDemo" name="test" time="0.000"/>
  <system-out/>
  <testcase classname="Day17TestNG.InvocationCountDemo" name="test" time="0.001"/>
  <system-out/>
  <testcase classname="Day17TestNG.InvocationCountDemo" name="test" time="0.010"/>
  <system-out/>
  <testcase classname="Day17TestNG.InvocationCountDemo" name="test" time="0.001"/>
  <system-out/>
</testsuite> <!-- Day17TestNG.InvocationCountDemo -->
