<?xml version="1.0" encoding="UTF-8"?>
<!-- Generated by org.testng.reporters.JUnitReportReporter -->
<testsuite hostname="del1-lhp-n82782" failures="0" tests="2" name="Day17.TestNG1.class2" time="0.002" errors="0" timestamp="2023-04-24T00:22:08 IST" skipped="0">
  <testcase classname="Day17.TestNG1.class2" name="xyz" time="0.001"/>
  <system-out/>
  <testcase classname="Day17.TestNG1.class2" name="xyz" time="0.001"/>
  <system-out/>
</testsuite> <!-- Day17.TestNG1.class2 -->
