<?xml version="1.0" encoding="UTF-8"?>
<!-- Generated by org.testng.reporters.JUnitReportReporter -->
<testsuite hostname="del1-lhp-n82782" failures="0" tests="3" name="Day18PageObjectModel.LoginTest" time="3.897" errors="0" timestamp="2023-04-27T21:25:29 IST" skipped="0">
  <testcase classname="Day18PageObjectModel.LoginTest" name="logo_check" time="0.076"/>
  <system-out/>
  <testcase classname="Day18PageObjectModel.LoginTest" name="login" time="1.280"/>
  <system-out/>
  <testcase classname="Day18PageObjectModel.LoginTest" name="validation" time="2.541"/>
  <system-out/>
</testsuite> <!-- Day18PageObjectModel.LoginTest -->
