<?xml version="1.0" encoding="UTF-8"?>
<!-- Generated by org.testng.reporters.JUnitReportReporter -->
<testsuite hostname="del1-lhp-n82782" failures="0" tests="3" name="Day17.FirstTest" time="0.001" errors="0" timestamp="2023-04-22T18:26:54 IST" skipped="0">
  <testcase classname="Day17.FirstTest" name="test1" time="0.000"/>
  <system-out/>
  <testcase classname="Day17.FirstTest" name="test2" time="0.000"/>
  <system-out/>
  <testcase classname="Day17.FirstTest" name="test3" time="0.001"/>
  <system-out/>
</testsuite> <!-- Day17.FirstTest -->
